<?xml version="1.0" encoding="UTF-8"?>
<testsuite name="com.dev.yn.MemberRepositoryTest" tests="1" skipped="0" failures="0" errors="0" timestamp="2020-08-20T01:17:34" hostname="DESKTOP-GHRMCN6" time="0.267">
  <properties/>
  <testcase name="testMember()" classname="com.dev.yn.MemberRepositoryTest" time="0.267"/>
  <system-out><![CDATA[10:17:30.164 [Test worker] DEBUG org.springframework.test.context.BootstrapUtils - Instantiating CacheAwareContextLoaderDelegate from class [org.springframework.test.context.cache.DefaultCacheAwareContextLoaderDelegate]
10:17:30.176 [Test worker] DEBUG org.springframework.test.context.BootstrapUtils - Instantiating BootstrapContext using constructor [public org.springframework.test.context.support.DefaultBootstrapContext(java.lang.Class,org.springframework.test.context.CacheAwareContextLoaderDelegate)]
10:17:30.203 [Test worker] DEBUG org.springframework.test.context.BootstrapUtils - Instantiating TestContextBootstrapper for test class [com.dev.yn.MemberRepositoryTest] from class [org.springframework.boot.test.context.SpringBootTestContextBootstrapper]
10:17:30.220 [Test worker] INFO org.springframework.boot.test.context.SpringBootTestContextBootstrapper - Neither @ContextConfiguration nor @ContextHierarchy found for test class [com.dev.yn.MemberRepositoryTest], using SpringBootContextLoader
10:17:30.223 [Test worker] DEBUG org.springframework.test.context.support.AbstractContextLoader - Did not detect default resource location for test class [com.dev.yn.MemberRepositoryTest]: class path resource [com/dev/yn/MemberRepositoryTest-context.xml] does not exist
10:17:30.224 [Test worker] DEBUG org.springframework.test.context.support.AbstractContextLoader - Did not detect default resource location for test class [com.dev.yn.MemberRepositoryTest]: class path resource [com/dev/yn/MemberRepositoryTestContext.groovy] does not exist
10:17:30.224 [Test worker] INFO org.springframework.test.context.support.AbstractContextLoader - Could not detect default resource locations for test class [com.dev.yn.MemberRepositoryTest]: no resource found for suffixes {-context.xml, Context.groovy}.
10:17:30.224 [Test worker] INFO org.springframework.test.context.support.AnnotationConfigContextLoaderUtils - Could not detect default configuration classes for test class [com.dev.yn.MemberRepositoryTest]: MemberRepositoryTest does not declare any static, non-private, non-final, nested classes annotated with @Configuration.
10:17:30.268 [Test worker] DEBUG org.springframework.test.context.support.ActiveProfilesUtils - Could not find an 'annotation declaring class' for annotation type [org.springframework.test.context.ActiveProfiles] and class [com.dev.yn.MemberRepositoryTest]
10:17:30.327 [Test worker] DEBUG org.springframework.context.annotation.ClassPathScanningCandidateComponentProvider - Identified candidate component class: file [D:\workspace_sts\JpaShop\build\classes\java\main\com\dev\yn\JpaShopApplication.class]
10:17:30.329 [Test worker] INFO org.springframework.boot.test.context.SpringBootTestContextBootstrapper - Found @SpringBootConfiguration com.dev.yn.JpaShopApplication for test class com.dev.yn.MemberRepositoryTest
10:17:30.435 [Test worker] DEBUG org.springframework.boot.test.context.SpringBootTestContextBootstrapper - @TestExecutionListeners is not present for class [com.dev.yn.MemberRepositoryTest]: using defaults.
10:17:30.436 [Test worker] INFO org.springframework.boot.test.context.SpringBootTestContextBootstrapper - Loaded default TestExecutionListener class names from location [META-INF/spring.factories]: [org.springframework.security.test.context.support.WithSecurityContextTestExecutionListener, org.springframework.security.test.context.support.ReactorContextTestExecutionListener, org.springframework.boot.test.autoconfigure.restdocs.RestDocsTestExecutionListener, org.springframework.boot.test.autoconfigure.web.client.MockRestServiceServerResetTestExecutionListener, org.springframework.boot.test.autoconfigure.web.servlet.MockMvcPrintOnlyOnFailureTestExecutionListener, org.springframework.boot.test.autoconfigure.web.servlet.WebDriverTestExecutionListener, org.springframework.boot.test.autoconfigure.webservices.client.MockWebServiceServerTestExecutionListener, org.springframework.boot.test.mock.mockito.MockitoTestExecutionListener, org.springframework.boot.test.mock.mockito.ResetMocksTestExecutionListener, org.springframework.test.context.web.ServletTestExecutionListener, org.springframework.test.context.support.DirtiesContextBeforeModesTestExecutionListener, org.springframework.test.context.support.DependencyInjectionTestExecutionListener, org.springframework.test.context.support.DirtiesContextTestExecutionListener, org.springframework.test.context.transaction.TransactionalTestExecutionListener, org.springframework.test.context.jdbc.SqlScriptsTestExecutionListener, org.springframework.test.context.event.EventPublishingTestExecutionListener]
10:17:30.463 [Test worker] INFO org.springframework.boot.test.context.SpringBootTestContextBootstrapper - Using TestExecutionListeners: [org.springframework.test.context.web.ServletTestExecutionListener@2c630c2a, org.springframework.test.context.support.DirtiesContextBeforeModesTestExecutionListener@566924fc, org.springframework.boot.test.mock.mockito.MockitoTestExecutionListener@625272f1, org.springframework.boot.test.autoconfigure.SpringBootDependencyInjectionTestExecutionListener@831bd45, org.springframework.test.context.support.DirtiesContextTestExecutionListener@3c87e235, org.springframework.test.context.transaction.TransactionalTestExecutionListener@23567f9d, org.springframework.test.context.jdbc.SqlScriptsTestExecutionListener@52e244fc, org.springframework.security.test.context.support.WithSecurityContextTestExecutionListener@57bc0070, org.springframework.test.context.event.EventPublishingTestExecutionListener@54a9c6f8, org.springframework.security.test.context.support.ReactorContextTestExecutionListener@4493f167, org.springframework.boot.test.autoconfigure.restdocs.RestDocsTestExecutionListener@41688ad, org.springframework.boot.test.autoconfigure.web.client.MockRestServiceServerResetTestExecutionListener@339ea7df, org.springframework.boot.test.autoconfigure.web.servlet.MockMvcPrintOnlyOnFailureTestExecutionListener@291a2952, org.springframework.boot.test.autoconfigure.web.servlet.WebDriverTestExecutionListener@7259eddf, org.springframework.boot.test.autoconfigure.webservices.client.MockWebServiceServerTestExecutionListener@423a40d9, org.springframework.boot.test.mock.mockito.ResetMocksTestExecutionListener@4dca71e]
10:17:30.467 [Test worker] DEBUG org.springframework.test.context.support.AbstractDirtiesContextTestExecutionListener - Before test class: context [DefaultTestContext@564951a2 testClass = MemberRepositoryTest, testInstance = [null], testMethod = [null], testException = [null], mergedContextConfiguration = [WebMergedContextConfiguration@ea5d2fb testClass = MemberRepositoryTest, locations = '{}', classes = '{class com.dev.yn.JpaShopApplication}', contextInitializerClasses = '[]', activeProfiles = '{}', propertySourceLocations = '{}', propertySourceProperties = '{org.springframework.boot.test.context.SpringBootTestContextBootstrapper=true}', contextCustomizers = set[org.springframework.boot.test.autoconfigure.properties.PropertyMappingContextCustomizer@0, org.springframework.boot.test.autoconfigure.web.servlet.WebDriverContextCustomizerFactory$Customizer@413aea6f, org.springframework.boot.test.context.filter.ExcludeFilterContextCustomizer@ac860ec, org.springframework.boot.test.json.DuplicateJsonObjectContextCustomizerFactory$DuplicateJsonObjectContextCustomizer@2c53c691, org.springframework.boot.test.mock.mockito.MockitoContextCustomizer@0, org.springframework.boot.test.web.client.TestRestTemplateContextCustomizer@4c26eaa8, org.springframework.boot.test.context.SpringBootTestArgs@1], resourceBasePath = 'src/main/webapp', contextLoader = 'org.springframework.boot.test.context.SpringBootContextLoader', parent = [null]], attributes = map['org.springframework.test.context.web.ServletTestExecutionListener.activateListener' -> true]], class annotated with @DirtiesContext [false] with mode [null].
10:17:30.498 [Test worker] DEBUG org.springframework.test.context.support.TestPropertySourceUtils - Adding inlined properties to environment: {spring.jmx.enabled=false, org.springframework.boot.test.context.SpringBootTestContextBootstrapper=true}

  .   ____          _            __ _ _
 /\\ / ___'_ __ _ _(_)_ __  __ _ \ \ \ \
( ( )\___ | '_ | '_| | '_ \/ _` | \ \ \ \
 \\/  ___)| |_)| | | | | || (_| |  ) ) ) )
  '  |____| .__|_| |_|_| |_\__, | / / / /
 =========|_|==============|___/=/_/_/_/
 :: Spring Boot ::        (v2.3.3.RELEASE)

2020-08-20 10:17:30.856  INFO 20732 --- [    Test worker] com.dev.yn.MemberRepositoryTest          : Starting MemberRepositoryTest on DESKTOP-GHRMCN6 with PID 20732 (started by admin in D:\workspace_sts\JpaShop)
2020-08-20 10:17:30.857  INFO 20732 --- [    Test worker] com.dev.yn.MemberRepositoryTest          : No active profile set, falling back to default profiles: default
2020-08-20 10:17:31.505  INFO 20732 --- [    Test worker] .s.d.r.c.RepositoryConfigurationDelegate : Bootstrapping Spring Data JPA repositories in DEFERRED mode.
2020-08-20 10:17:31.538  INFO 20732 --- [    Test worker] .s.d.r.c.RepositoryConfigurationDelegate : Finished Spring Data repository scanning in 20ms. Found 0 JPA repository interfaces.
2020-08-20 10:17:32.259  INFO 20732 --- [    Test worker] o.s.s.concurrent.ThreadPoolTaskExecutor  : Initializing ExecutorService 'applicationTaskExecutor'
2020-08-20 10:17:32.400  INFO 20732 --- [         task-1] o.hibernate.jpa.internal.util.LogHelper  : HHH000204: Processing PersistenceUnitInfo [name: default]
2020-08-20 10:17:32.476  INFO 20732 --- [         task-1] org.hibernate.Version                    : HHH000412: Hibernate ORM core version 5.4.20.Final
2020-08-20 10:17:32.654  WARN 20732 --- [    Test worker] JpaBaseConfiguration$JpaWebConfiguration : spring.jpa.open-in-view is enabled by default. Therefore, database queries may be performed during view rendering. Explicitly configure spring.jpa.open-in-view to disable this warning
2020-08-20 10:17:32.720  INFO 20732 --- [         task-1] o.hibernate.annotations.common.Version   : HCANN000001: Hibernate Commons Annotations {5.1.0.Final}
2020-08-20 10:17:32.763 DEBUG 20732 --- [         task-1] org.hibernate.type.BasicTypeRegistry     : Adding type registration boolean -> org.hibernate.type.BooleanType@6de393ae
2020-08-20 10:17:32.763 DEBUG 20732 --- [         task-1] org.hibernate.type.BasicTypeRegistry     : Adding type registration boolean -> org.hibernate.type.BooleanType@6de393ae
2020-08-20 10:17:32.765 DEBUG 20732 --- [         task-1] org.hibernate.type.BasicTypeRegistry     : Adding type registration java.lang.Boolean -> org.hibernate.type.BooleanType@6de393ae
2020-08-20 10:17:32.767 DEBUG 20732 --- [         task-1] org.hibernate.type.BasicTypeRegistry     : Adding type registration numeric_boolean -> org.hibernate.type.NumericBooleanType@30f5cb62
2020-08-20 10:17:32.768 DEBUG 20732 --- [         task-1] org.hibernate.type.BasicTypeRegistry     : Adding type registration true_false -> org.hibernate.type.TrueFalseType@3ed8a3fb
2020-08-20 10:17:32.769 DEBUG 20732 --- [         task-1] org.hibernate.type.BasicTypeRegistry     : Adding type registration yes_no -> org.hibernate.type.YesNoType@1164fbe8
2020-08-20 10:17:32.771 DEBUG 20732 --- [         task-1] org.hibernate.type.BasicTypeRegistry     : Adding type registration byte -> org.hibernate.type.ByteType@220e18d4
2020-08-20 10:17:32.771 DEBUG 20732 --- [         task-1] org.hibernate.type.BasicTypeRegistry     : Adding type registration byte -> org.hibernate.type.ByteType@220e18d4
2020-08-20 10:17:32.771 DEBUG 20732 --- [         task-1] org.hibernate.type.BasicTypeRegistry     : Adding type registration java.lang.Byte -> org.hibernate.type.ByteType@220e18d4
2020-08-20 10:17:32.772 DEBUG 20732 --- [         task-1] org.hibernate.type.BasicTypeRegistry     : Adding type registration character -> org.hibernate.type.CharacterType@5bbb733
2020-08-20 10:17:32.774 DEBUG 20732 --- [         task-1] org.hibernate.type.BasicTypeRegistry     : Adding type registration char -> org.hibernate.type.CharacterType@5bbb733
2020-08-20 10:17:32.774 DEBUG 20732 --- [         task-1] org.hibernate.type.BasicTypeRegistry     : Adding type registration java.lang.Character -> org.hibernate.type.CharacterType@5bbb733
2020-08-20 10:17:32.776 DEBUG 20732 --- [         task-1] org.hibernate.type.BasicTypeRegistry     : Adding type registration short -> org.hibernate.type.ShortType@59979cea
2020-08-20 10:17:32.777 DEBUG 20732 --- [         task-1] org.hibernate.type.BasicTypeRegistry     : Adding type registration short -> org.hibernate.type.ShortType@59979cea
2020-08-20 10:17:32.777 DEBUG 20732 --- [         task-1] org.hibernate.type.BasicTypeRegistry     : Adding type registration java.lang.Short -> org.hibernate.type.ShortType@59979cea
2020-08-20 10:17:32.779 DEBUG 20732 --- [         task-1] org.hibernate.type.BasicTypeRegistry     : Adding type registration integer -> org.hibernate.type.IntegerType@4faf3e26
2020-08-20 10:17:32.779 DEBUG 20732 --- [         task-1] org.hibernate.type.BasicTypeRegistry     : Adding type registration int -> org.hibernate.type.IntegerType@4faf3e26
2020-08-20 10:17:32.779 DEBUG 20732 --- [         task-1] org.hibernate.type.BasicTypeRegistry     : Adding type registration java.lang.Integer -> org.hibernate.type.IntegerType@4faf3e26
2020-08-20 10:17:32.782 DEBUG 20732 --- [         task-1] org.hibernate.type.BasicTypeRegistry     : Adding type registration long -> org.hibernate.type.LongType@45288fdb
2020-08-20 10:17:32.782 DEBUG 20732 --- [         task-1] org.hibernate.type.BasicTypeRegistry     : Adding type registration long -> org.hibernate.type.LongType@45288fdb
2020-08-20 10:17:32.782 DEBUG 20732 --- [         task-1] org.hibernate.type.BasicTypeRegistry     : Adding type registration java.lang.Long -> org.hibernate.type.LongType@45288fdb
2020-08-20 10:17:32.784 DEBUG 20732 --- [         task-1] org.hibernate.type.BasicTypeRegistry     : Adding type registration float -> org.hibernate.type.FloatType@25e8045f
2020-08-20 10:17:32.784 DEBUG 20732 --- [         task-1] org.hibernate.type.BasicTypeRegistry     : Adding type registration float -> org.hibernate.type.FloatType@25e8045f
2020-08-20 10:17:32.784 DEBUG 20732 --- [         task-1] org.hibernate.type.BasicTypeRegistry     : Adding type registration java.lang.Float -> org.hibernate.type.FloatType@25e8045f
2020-08-20 10:17:32.786 DEBUG 20732 --- [         task-1] org.hibernate.type.BasicTypeRegistry     : Adding type registration double -> org.hibernate.type.DoubleType@5fb6302
2020-08-20 10:17:32.786 DEBUG 20732 --- [         task-1] org.hibernate.type.BasicTypeRegistry     : Adding type registration double -> org.hibernate.type.DoubleType@5fb6302
2020-08-20 10:17:32.786 DEBUG 20732 --- [         task-1] org.hibernate.type.BasicTypeRegistry     : Adding type registration java.lang.Double -> org.hibernate.type.DoubleType@5fb6302
2020-08-20 10:17:32.787 DEBUG 20732 --- [         task-1] org.hibernate.type.BasicTypeRegistry     : Adding type registration big_decimal -> org.hibernate.type.BigDecimalType@25b055fd
2020-08-20 10:17:32.788 DEBUG 20732 --- [         task-1] org.hibernate.type.BasicTypeRegistry     : Adding type registration java.math.BigDecimal -> org.hibernate.type.BigDecimalType@25b055fd
2020-08-20 10:17:32.789 DEBUG 20732 --- [         task-1] org.hibernate.type.BasicTypeRegistry     : Adding type registration big_integer -> org.hibernate.type.BigIntegerType@57a4f93b
2020-08-20 10:17:32.789 DEBUG 20732 --- [         task-1] org.hibernate.type.BasicTypeRegistry     : Adding type registration java.math.BigInteger -> org.hibernate.type.BigIntegerType@57a4f93b
2020-08-20 10:17:32.790 DEBUG 20732 --- [         task-1] org.hibernate.type.BasicTypeRegistry     : Adding type registration string -> org.hibernate.type.StringType@76865c3a
2020-08-20 10:17:32.790 DEBUG 20732 --- [         task-1] org.hibernate.type.BasicTypeRegistry     : Adding type registration java.lang.String -> org.hibernate.type.StringType@76865c3a
2020-08-20 10:17:32.791 DEBUG 20732 --- [         task-1] org.hibernate.type.BasicTypeRegistry     : Adding type registration nstring -> org.hibernate.type.StringNVarcharType@2ea64c99
2020-08-20 10:17:32.792 DEBUG 20732 --- [         task-1] org.hibernate.type.BasicTypeRegistry     : Adding type registration ncharacter -> org.hibernate.type.CharacterNCharType@3500bbc4
2020-08-20 10:17:32.793 DEBUG 20732 --- [         task-1] org.hibernate.type.BasicTypeRegistry     : Adding type registration url -> org.hibernate.type.UrlType@c2c28ed
2020-08-20 10:17:32.793 DEBUG 20732 --- [         task-1] org.hibernate.type.BasicTypeRegistry     : Adding type registration java.net.URL -> org.hibernate.type.UrlType@c2c28ed
2020-08-20 10:17:32.794 DEBUG 20732 --- [         task-1] org.hibernate.type.BasicTypeRegistry     : Adding type registration Duration -> org.hibernate.type.DurationType@13b1e601
2020-08-20 10:17:32.794 DEBUG 20732 --- [         task-1] org.hibernate.type.BasicTypeRegistry     : Adding type registration java.time.Duration -> org.hibernate.type.DurationType@13b1e601
2020-08-20 10:17:32.800 DEBUG 20732 --- [         task-1] org.hibernate.type.BasicTypeRegistry     : Adding type registration Instant -> org.hibernate.type.InstantType@4b60fe39
2020-08-20 10:17:32.801 DEBUG 20732 --- [         task-1] org.hibernate.type.BasicTypeRegistry     : Adding type registration java.time.Instant -> org.hibernate.type.InstantType@4b60fe39
2020-08-20 10:17:32.803 DEBUG 20732 --- [         task-1] org.hibernate.type.BasicTypeRegistry     : Adding type registration LocalDateTime -> org.hibernate.type.LocalDateTimeType@44525691
2020-08-20 10:17:32.803 DEBUG 20732 --- [         task-1] org.hibernate.type.BasicTypeRegistry     : Adding type registration java.time.LocalDateTime -> org.hibernate.type.LocalDateTimeType@44525691
2020-08-20 10:17:32.805 DEBUG 20732 --- [         task-1] org.hibernate.type.BasicTypeRegistry     : Adding type registration LocalDate -> org.hibernate.type.LocalDateType@4b5bc52b
2020-08-20 10:17:32.806 DEBUG 20732 --- [         task-1] org.hibernate.type.BasicTypeRegistry     : Adding type registration java.time.LocalDate -> org.hibernate.type.LocalDateType@4b5bc52b
2020-08-20 10:17:32.807 DEBUG 20732 --- [         task-1] org.hibernate.type.BasicTypeRegistry     : Adding type registration LocalTime -> org.hibernate.type.LocalTimeType@7804ae23
2020-08-20 10:17:32.807 DEBUG 20732 --- [         task-1] org.hibernate.type.BasicTypeRegistry     : Adding type registration java.time.LocalTime -> org.hibernate.type.LocalTimeType@7804ae23
2020-08-20 10:17:32.809 DEBUG 20732 --- [         task-1] org.hibernate.type.BasicTypeRegistry     : Adding type registration OffsetDateTime -> org.hibernate.type.OffsetDateTimeType@5aa7d50d
2020-08-20 10:17:32.809 DEBUG 20732 --- [         task-1] org.hibernate.type.BasicTypeRegistry     : Adding type registration java.time.OffsetDateTime -> org.hibernate.type.OffsetDateTimeType@5aa7d50d
2020-08-20 10:17:32.811 DEBUG 20732 --- [         task-1] org.hibernate.type.BasicTypeRegistry     : Adding type registration OffsetTime -> org.hibernate.type.OffsetTimeType@d5a4484
2020-08-20 10:17:32.811 DEBUG 20732 --- [         task-1] org.hibernate.type.BasicTypeRegistry     : Adding type registration java.time.OffsetTime -> org.hibernate.type.OffsetTimeType@d5a4484
2020-08-20 10:17:32.813 DEBUG 20732 --- [         task-1] org.hibernate.type.BasicTypeRegistry     : Adding type registration ZonedDateTime -> org.hibernate.type.ZonedDateTimeType@74da9a76
2020-08-20 10:17:32.814 DEBUG 20732 --- [         task-1] org.hibernate.type.BasicTypeRegistry     : Adding type registration java.time.ZonedDateTime -> org.hibernate.type.ZonedDateTimeType@74da9a76
2020-08-20 10:17:32.815 DEBUG 20732 --- [         task-1] org.hibernate.type.BasicTypeRegistry     : Adding type registration date -> org.hibernate.type.DateType@79ea3d1a
2020-08-20 10:17:32.815 DEBUG 20732 --- [         task-1] org.hibernate.type.BasicTypeRegistry     : Adding type registration java.sql.Date -> org.hibernate.type.DateType@79ea3d1a
2020-08-20 10:17:32.817 DEBUG 20732 --- [         task-1] org.hibernate.type.BasicTypeRegistry     : Adding type registration time -> org.hibernate.type.TimeType@6b795d85
2020-08-20 10:17:32.817 DEBUG 20732 --- [         task-1] org.hibernate.type.BasicTypeRegistry     : Adding type registration java.sql.Time -> org.hibernate.type.TimeType@6b795d85
2020-08-20 10:17:32.819 DEBUG 20732 --- [         task-1] org.hibernate.type.BasicTypeRegistry     : Adding type registration timestamp -> org.hibernate.type.TimestampType@64acd725
2020-08-20 10:17:32.820 DEBUG 20732 --- [         task-1] org.hibernate.type.BasicTypeRegistry     : Adding type registration java.sql.Timestamp -> org.hibernate.type.TimestampType@64acd725
2020-08-20 10:17:32.820 DEBUG 20732 --- [         task-1] org.hibernate.type.BasicTypeRegistry     : Adding type registration java.util.Date -> org.hibernate.type.TimestampType@64acd725
2020-08-20 10:17:32.823 DEBUG 20732 --- [         task-1] org.hibernate.type.BasicTypeRegistry     : Adding type registration dbtimestamp -> org.hibernate.type.DbTimestampType@452204ee
2020-08-20 10:17:32.824 DEBUG 20732 --- [         task-1] org.hibernate.type.BasicTypeRegistry     : Adding type registration calendar -> org.hibernate.type.CalendarType@6f8604af
2020-08-20 10:17:32.827 DEBUG 20732 --- [         task-1] org.hibernate.type.BasicTypeRegistry     : Adding type registration java.util.Calendar -> org.hibernate.type.CalendarType@6f8604af
2020-08-20 10:17:32.828 DEBUG 20732 --- [         task-1] org.hibernate.type.BasicTypeRegistry     : Adding type registration java.util.GregorianCalendar -> org.hibernate.type.CalendarType@6f8604af
2020-08-20 10:17:32.829 DEBUG 20732 --- [         task-1] org.hibernate.type.BasicTypeRegistry     : Adding type registration calendar_date -> org.hibernate.type.CalendarDateType@7f25e013
2020-08-20 10:17:32.831 DEBUG 20732 --- [         task-1] org.hibernate.type.BasicTypeRegistry     : Adding type registration calendar_time -> org.hibernate.type.CalendarTimeType@69ca0a5
2020-08-20 10:17:32.832 DEBUG 20732 --- [         task-1] org.hibernate.type.BasicTypeRegistry     : Adding type registration locale -> org.hibernate.type.LocaleType@335de43b
2020-08-20 10:17:32.832 DEBUG 20732 --- [         task-1] org.hibernate.type.BasicTypeRegistry     : Adding type registration java.util.Locale -> org.hibernate.type.LocaleType@335de43b
2020-08-20 10:17:32.833 DEBUG 20732 --- [         task-1] org.hibernate.type.BasicTypeRegistry     : Adding type registration currency -> org.hibernate.type.CurrencyType@36a37a7c
2020-08-20 10:17:32.833 DEBUG 20732 --- [         task-1] org.hibernate.type.BasicTypeRegistry     : Adding type registration java.util.Currency -> org.hibernate.type.CurrencyType@36a37a7c
2020-08-20 10:17:32.834 DEBUG 20732 --- [         task-1] org.hibernate.type.BasicTypeRegistry     : Adding type registration timezone -> org.hibernate.type.TimeZoneType@2b71f926
2020-08-20 10:17:32.834 DEBUG 20732 --- [         task-1] org.hibernate.type.BasicTypeRegistry     : Adding type registration java.util.TimeZone -> org.hibernate.type.TimeZoneType@2b71f926
2020-08-20 10:17:32.835 DEBUG 20732 --- [         task-1] org.hibernate.type.BasicTypeRegistry     : Adding type registration class -> org.hibernate.type.ClassType@579c3965
2020-08-20 10:17:32.836 DEBUG 20732 --- [         task-1] org.hibernate.type.BasicTypeRegistry     : Adding type registration java.lang.Class -> org.hibernate.type.ClassType@579c3965
2020-08-20 10:17:32.837 DEBUG 20732 --- [         task-1] org.hibernate.type.BasicTypeRegistry     : Adding type registration uuid-binary -> org.hibernate.type.UUIDBinaryType@1c1cabed
2020-08-20 10:17:32.839 DEBUG 20732 --- [         task-1] org.hibernate.type.BasicTypeRegistry     : Adding type registration java.util.UUID -> org.hibernate.type.UUIDBinaryType@1c1cabed
2020-08-20 10:17:32.841 DEBUG 20732 --- [         task-1] org.hibernate.type.BasicTypeRegistry     : Adding type registration uuid-char -> org.hibernate.type.UUIDCharType@226bfa1d
2020-08-20 10:17:32.843 DEBUG 20732 --- [         task-1] org.hibernate.type.BasicTypeRegistry     : Adding type registration binary -> org.hibernate.type.BinaryType@30d15193
2020-08-20 10:17:32.843 DEBUG 20732 --- [         task-1] org.hibernate.type.BasicTypeRegistry     : Adding type registration byte[] -> org.hibernate.type.BinaryType@30d15193
2020-08-20 10:17:32.843 DEBUG 20732 --- [         task-1] org.hibernate.type.BasicTypeRegistry     : Adding type registration [B -> org.hibernate.type.BinaryType@30d15193
2020-08-20 10:17:32.859 DEBUG 20732 --- [         task-1] org.hibernate.type.BasicTypeRegistry     : Adding type registration wrapper-binary -> org.hibernate.type.WrapperBinaryType@575b0da5
2020-08-20 10:17:32.859 DEBUG 20732 --- [         task-1] org.hibernate.type.BasicTypeRegistry     : Adding type registration Byte[] -> org.hibernate.type.WrapperBinaryType@575b0da5
2020-08-20 10:17:32.860 DEBUG 20732 --- [         task-1] org.hibernate.type.BasicTypeRegistry     : Adding type registration [Ljava.lang.Byte; -> org.hibernate.type.WrapperBinaryType@575b0da5
2020-08-20 10:17:32.863 DEBUG 20732 --- [         task-1] org.hibernate.type.BasicTypeRegistry     : Adding type registration row_version -> org.hibernate.type.RowVersionType@7428047e
2020-08-20 10:17:32.864 DEBUG 20732 --- [         task-1] org.hibernate.type.BasicTypeRegistry     : Adding type registration image -> org.hibernate.type.ImageType@4bb0f7aa
2020-08-20 10:17:32.868 DEBUG 20732 --- [         task-1] org.hibernate.type.BasicTypeRegistry     : Adding type registration characters -> org.hibernate.type.CharArrayType@37f48be9
2020-08-20 10:17:32.868 DEBUG 20732 --- [         task-1] org.hibernate.type.BasicTypeRegistry     : Adding type registration char[] -> org.hibernate.type.CharArrayType@37f48be9
2020-08-20 10:17:32.869 DEBUG 20732 --- [         task-1] org.hibernate.type.BasicTypeRegistry     : Adding type registration [C -> org.hibernate.type.CharArrayType@37f48be9
2020-08-20 10:17:32.870 DEBUG 20732 --- [         task-1] org.hibernate.type.BasicTypeRegistry     : Adding type registration wrapper-characters -> org.hibernate.type.CharacterArrayType@40ffdbd1
2020-08-20 10:17:32.871 DEBUG 20732 --- [         task-1] org.hibernate.type.BasicTypeRegistry     : Adding type registration [Ljava.lang.Character; -> org.hibernate.type.CharacterArrayType@40ffdbd1
2020-08-20 10:17:32.871 DEBUG 20732 --- [         task-1] org.hibernate.type.BasicTypeRegistry     : Adding type registration Character[] -> org.hibernate.type.CharacterArrayType@40ffdbd1
2020-08-20 10:17:32.872 DEBUG 20732 --- [         task-1] org.hibernate.type.BasicTypeRegistry     : Adding type registration text -> org.hibernate.type.TextType@4afc1d0
2020-08-20 10:17:32.873 DEBUG 20732 --- [         task-1] org.hibernate.type.BasicTypeRegistry     : Adding type registration ntext -> org.hibernate.type.NTextType@4a452508
2020-08-20 10:17:32.875 DEBUG 20732 --- [         task-1] org.hibernate.type.BasicTypeRegistry     : Adding type registration blob -> org.hibernate.type.BlobType@a888c4d
2020-08-20 10:17:32.876 DEBUG 20732 --- [         task-1] org.hibernate.type.BasicTypeRegistry     : Adding type registration java.sql.Blob -> org.hibernate.type.BlobType@a888c4d
2020-08-20 10:17:32.877 DEBUG 20732 --- [         task-1] org.hibernate.type.BasicTypeRegistry     : Adding type registration materialized_blob -> org.hibernate.type.MaterializedBlobType@609f0353
2020-08-20 10:17:32.879 DEBUG 20732 --- [         task-1] org.hibernate.type.BasicTypeRegistry     : Adding type registration clob -> org.hibernate.type.ClobType@3403a011
2020-08-20 10:17:32.880 DEBUG 20732 --- [         task-1] org.hibernate.type.BasicTypeRegistry     : Adding type registration java.sql.Clob -> org.hibernate.type.ClobType@3403a011
2020-08-20 10:17:32.882 DEBUG 20732 --- [         task-1] org.hibernate.type.BasicTypeRegistry     : Adding type registration nclob -> org.hibernate.type.NClobType@72e989af
2020-08-20 10:17:32.884 DEBUG 20732 --- [         task-1] org.hibernate.type.BasicTypeRegistry     : Adding type registration java.sql.NClob -> org.hibernate.type.NClobType@72e989af
2020-08-20 10:17:32.886 DEBUG 20732 --- [         task-1] org.hibernate.type.BasicTypeRegistry     : Adding type registration materialized_clob -> org.hibernate.type.MaterializedClobType@4452ecd3
2020-08-20 10:17:32.888 DEBUG 20732 --- [         task-1] org.hibernate.type.BasicTypeRegistry     : Adding type registration materialized_nclob -> org.hibernate.type.MaterializedNClobType@7ac328ae
2020-08-20 10:17:32.891 DEBUG 20732 --- [         task-1] org.hibernate.type.BasicTypeRegistry     : Adding type registration serializable -> org.hibernate.type.SerializableType@47155cf1
2020-08-20 10:17:32.896 DEBUG 20732 --- [         task-1] org.hibernate.type.BasicTypeRegistry     : Adding type registration object -> org.hibernate.type.ObjectType@694a35ba
2020-08-20 10:17:32.897 DEBUG 20732 --- [         task-1] org.hibernate.type.BasicTypeRegistry     : Adding type registration java.lang.Object -> org.hibernate.type.ObjectType@694a35ba
2020-08-20 10:17:32.897 DEBUG 20732 --- [         task-1] org.hibernate.type.BasicTypeRegistry     : Adding type registration imm_date -> org.hibernate.type.AdaptedImmutableType@7135d489
2020-08-20 10:17:32.898 DEBUG 20732 --- [         task-1] org.hibernate.type.BasicTypeRegistry     : Adding type registration imm_time -> org.hibernate.type.AdaptedImmutableType@496ac8f0
2020-08-20 10:17:32.899 DEBUG 20732 --- [         task-1] org.hibernate.type.BasicTypeRegistry     : Adding type registration imm_timestamp -> org.hibernate.type.AdaptedImmutableType@7e146e2a
2020-08-20 10:17:32.900 DEBUG 20732 --- [         task-1] org.hibernate.type.BasicTypeRegistry     : Adding type registration imm_dbtimestamp -> org.hibernate.type.AdaptedImmutableType@14c83d68
2020-08-20 10:17:32.901 DEBUG 20732 --- [         task-1] org.hibernate.type.BasicTypeRegistry     : Adding type registration imm_calendar -> org.hibernate.type.AdaptedImmutableType@4b0632e4
2020-08-20 10:17:32.903 DEBUG 20732 --- [         task-1] org.hibernate.type.BasicTypeRegistry     : Adding type registration imm_calendar_date -> org.hibernate.type.AdaptedImmutableType@54345e3c
2020-08-20 10:17:32.904 DEBUG 20732 --- [         task-1] org.hibernate.type.BasicTypeRegistry     : Adding type registration imm_binary -> org.hibernate.type.AdaptedImmutableType@90c0fae
2020-08-20 10:17:32.906 DEBUG 20732 --- [         task-1] org.hibernate.type.BasicTypeRegistry     : Adding type registration imm_serializable -> org.hibernate.type.AdaptedImmutableType@5c7a509a
2020-08-20 10:17:32.984  INFO 20732 --- [         task-1] com.zaxxer.hikari.HikariDataSource       : HikariPool-1 - Starting...
2020-08-20 10:17:33.080  INFO 20732 --- [         task-1] com.zaxxer.hikari.HikariDataSource       : HikariPool-1 - Start completed.
2020-08-20 10:17:33.131  INFO 20732 --- [         task-1] org.hibernate.dialect.Dialect            : HHH000400: Using dialect: org.hibernate.dialect.H2Dialect
2020-08-20 10:17:33.189  INFO 20732 --- [    Test worker] o.s.b.a.w.s.WelcomePageHandlerMapping    : Adding welcome page: class path resource [static/index.html]
2020-08-20 10:17:33.211 DEBUG 20732 --- [         task-1] o.h.type.spi.TypeConfiguration$Scope     : Scoping TypeConfiguration [org.hibernate.type.spi.TypeConfiguration@703f35b0] to MetadataBuildingContext [org.hibernate.boot.internal.MetadataBuildingContextRootImpl@33f5030b]
2020-08-20 10:17:33.570 DEBUG 20732 --- [         task-1] o.h.type.spi.TypeConfiguration$Scope     : Scoping TypeConfiguration [org.hibernate.type.spi.TypeConfiguration@703f35b0] to SessionFactoryImpl [org.hibernate.internal.SessionFactoryImpl@7c2afb47]
2020-08-20 10:17:33.765  INFO 20732 --- [    Test worker] .s.s.UserDetailsServiceAutoConfiguration : 

Using generated security password: eda942cd-7d8d-42a0-9a34-2dd294b09918

2020-08-20 10:17:34.008  INFO 20732 --- [    Test worker] o.s.s.web.DefaultSecurityFilterChain     : Creating filter chain: any request, [org.springframework.security.web.context.request.async.WebAsyncManagerIntegrationFilter@2b285df7, org.springframework.security.web.context.SecurityContextPersistenceFilter@9a2c0ee, org.springframework.security.web.header.HeaderWriterFilter@59f81657, org.springframework.security.web.csrf.CsrfFilter@34b4a56c, org.springframework.security.web.authentication.logout.LogoutFilter@338dca0b, org.springframework.security.web.authentication.UsernamePasswordAuthenticationFilter@6ffb8ed2, org.springframework.security.web.authentication.ui.DefaultLoginPageGeneratingFilter@35d49d59, org.springframework.security.web.authentication.ui.DefaultLogoutPageGeneratingFilter@6e32bda3, org.springframework.security.web.authentication.www.BasicAuthenticationFilter@5e73ff5e, org.springframework.security.web.savedrequest.RequestCacheAwareFilter@53d32f6b, org.springframework.security.web.servletapi.SecurityContextHolderAwareRequestFilter@5b18170a, org.springframework.security.web.authentication.AnonymousAuthenticationFilter@24ff7c83, org.springframework.security.web.session.SessionManagementFilter@604aea35, org.springframework.security.web.access.ExceptionTranslationFilter@34cfa440, org.springframework.security.web.access.intercept.FilterSecurityInterceptor@43aa018d]
2020-08-20 10:17:34.073 DEBUG 20732 --- [         task-1] org.hibernate.SQL                        : 
    
    drop table if exists member CASCADE 
2020-08-20 10:17:34.076  INFO 20732 --- [         task-1] p6spy                                    : #1597886254076 | took 1ms | statement | connection 1| url jdbc:h2:tcp://localhost/~/jpashop

    drop table if exists member CASCADE 

    drop table if exists member CASCADE ;
2020-08-20 10:17:34.077 DEBUG 20732 --- [         task-1] org.hibernate.SQL                        : 
    
    drop sequence if exists hibernate_sequence
2020-08-20 10:17:34.078  INFO 20732 --- [         task-1] p6spy                                    : #1597886254078 | took 0ms | statement | connection 1| url jdbc:h2:tcp://localhost/~/jpashop

    drop sequence if exists hibernate_sequence

    drop sequence if exists hibernate_sequence;
2020-08-20 10:17:34.080 DEBUG 20732 --- [         task-1] org.hibernate.SQL                        : create sequence hibernate_sequence start with 1 increment by 1
2020-08-20 10:17:34.081  INFO 20732 --- [         task-1] p6spy                                    : #1597886254081 | took 0ms | statement | connection 2| url jdbc:h2:tcp://localhost/~/jpashop
create sequence hibernate_sequence start with 1 increment by 1
create sequence hibernate_sequence start with 1 increment by 1;
2020-08-20 10:17:34.081 DEBUG 20732 --- [         task-1] org.hibernate.SQL                        : 
    
    create table member (
       id bigint not null,
        username varchar(255),
        primary key (id)
    )
2020-08-20 10:17:34.083  INFO 20732 --- [         task-1] p6spy                                    : #1597886254083 | took 1ms | statement | connection 2| url jdbc:h2:tcp://localhost/~/jpashop

    create table member (
       id bigint not null,
        username varchar(255),
        primary key (id)
    )

    create table member (
       id bigint not null,
        username varchar(255),
        primary key (id)
    );
2020-08-20 10:17:34.085  INFO 20732 --- [         task-1] o.h.e.t.j.p.i.JtaPlatformInitiator       : HHH000490: Using JtaPlatform implementation: [org.hibernate.engine.transaction.jta.platform.internal.NoJtaPlatform]
2020-08-20 10:17:34.092 TRACE 20732 --- [         task-1] o.h.type.spi.TypeConfiguration$Scope     : Handling #sessionFactoryCreated from [org.hibernate.internal.SessionFactoryImpl@7c2afb47] for TypeConfiguration
2020-08-20 10:17:34.094  INFO 20732 --- [         task-1] j.LocalContainerEntityManagerFactoryBean : Initialized JPA EntityManagerFactory for persistence unit 'default'
2020-08-20 10:17:34.096  INFO 20732 --- [    Test worker] DeferredRepositoryInitializationListener : Triggering deferred initialization of Spring Data repositories…
2020-08-20 10:17:34.097  INFO 20732 --- [    Test worker] DeferredRepositoryInitializationListener : Spring Data repositories initialized!
2020-08-20 10:17:34.106  INFO 20732 --- [    Test worker] com.dev.yn.MemberRepositoryTest          : Started MemberRepositoryTest in 3.6 seconds (JVM running for 5.321)
2020-08-20 10:17:34.207  INFO 20732 --- [    Test worker] o.s.t.c.transaction.TransactionContext   : Began transaction (1) for test context [DefaultTestContext@564951a2 testClass = MemberRepositoryTest, testInstance = com.dev.yn.MemberRepositoryTest@2d25c744, testMethod = testMember@MemberRepositoryTest, testException = [null], mergedContextConfiguration = [WebMergedContextConfiguration@ea5d2fb testClass = MemberRepositoryTest, locations = '{}', classes = '{class com.dev.yn.JpaShopApplication}', contextInitializerClasses = '[]', activeProfiles = '{}', propertySourceLocations = '{}', propertySourceProperties = '{org.springframework.boot.test.context.SpringBootTestContextBootstrapper=true}', contextCustomizers = set[org.springframework.boot.test.autoconfigure.properties.PropertyMappingContextCustomizer@0, org.springframework.boot.test.autoconfigure.web.servlet.WebDriverContextCustomizerFactory$Customizer@413aea6f, org.springframework.boot.test.context.filter.ExcludeFilterContextCustomizer@ac860ec, org.springframework.boot.test.json.DuplicateJsonObjectContextCustomizerFactory$DuplicateJsonObjectContextCustomizer@2c53c691, org.springframework.boot.test.mock.mockito.MockitoContextCustomizer@0, org.springframework.boot.test.web.client.TestRestTemplateContextCustomizer@4c26eaa8, org.springframework.boot.test.context.SpringBootTestArgs@1], resourceBasePath = 'src/main/webapp', contextLoader = 'org.springframework.boot.test.context.SpringBootContextLoader', parent = [null]], attributes = map['org.springframework.test.context.web.ServletTestExecutionListener.activateListener' -> true, 'org.springframework.test.context.web.ServletTestExecutionListener.populatedRequestContextHolder' -> true, 'org.springframework.test.context.web.ServletTestExecutionListener.resetRequestContextHolder' -> true]]; transaction manager [org.springframework.orm.jpa.JpaTransactionManager@149763d1]; rollback [false]
2020-08-20 10:17:34.274 DEBUG 20732 --- [    Test worker] org.hibernate.SQL                        : 
    call next value for hibernate_sequence
2020-08-20 10:17:34.283  INFO 20732 --- [    Test worker] p6spy                                    : #1597886254283 | took 3ms | statement | connection 3| url jdbc:h2:tcp://localhost/~/jpashop
call next value for hibernate_sequence
call next value for hibernate_sequence;
2020-08-20 10:17:34.378 DEBUG 20732 --- [    Test worker] org.hibernate.SQL                        : 
    insert 
    into
        member
        (username, id) 
    values
        (?, ?)
2020-08-20 10:17:34.382 TRACE 20732 --- [    Test worker] o.h.type.descriptor.sql.BasicBinder      : binding parameter [1] as [VARCHAR] - [memberA]
2020-08-20 10:17:34.383 TRACE 20732 --- [    Test worker] o.h.type.descriptor.sql.BasicBinder      : binding parameter [2] as [BIGINT] - [1]
2020-08-20 10:17:34.384  INFO 20732 --- [    Test worker] p6spy                                    : #1597886254384 | took 0ms | statement | connection 3| url jdbc:h2:tcp://localhost/~/jpashop
insert into member (username, id) values (?, ?)
insert into member (username, id) values ('memberA', 1);
2020-08-20 10:17:34.388  INFO 20732 --- [    Test worker] p6spy                                    : #1597886254388 | took 0ms | commit | connection 3| url jdbc:h2:tcp://localhost/~/jpashop

;
2020-08-20 10:17:34.390  INFO 20732 --- [    Test worker] o.s.t.c.transaction.TransactionContext   : Committed transaction for test: [DefaultTestContext@564951a2 testClass = MemberRepositoryTest, testInstance = com.dev.yn.MemberRepositoryTest@2d25c744, testMethod = testMember@MemberRepositoryTest, testException = [null], mergedContextConfiguration = [WebMergedContextConfiguration@ea5d2fb testClass = MemberRepositoryTest, locations = '{}', classes = '{class com.dev.yn.JpaShopApplication}', contextInitializerClasses = '[]', activeProfiles = '{}', propertySourceLocations = '{}', propertySourceProperties = '{org.springframework.boot.test.context.SpringBootTestContextBootstrapper=true}', contextCustomizers = set[org.springframework.boot.test.autoconfigure.properties.PropertyMappingContextCustomizer@0, org.springframework.boot.test.autoconfigure.web.servlet.WebDriverContextCustomizerFactory$Customizer@413aea6f, org.springframework.boot.test.context.filter.ExcludeFilterContextCustomizer@ac860ec, org.springframework.boot.test.json.DuplicateJsonObjectContextCustomizerFactory$DuplicateJsonObjectContextCustomizer@2c53c691, org.springframework.boot.test.mock.mockito.MockitoContextCustomizer@0, org.springframework.boot.test.web.client.TestRestTemplateContextCustomizer@4c26eaa8, org.springframework.boot.test.context.SpringBootTestArgs@1], resourceBasePath = 'src/main/webapp', contextLoader = 'org.springframework.boot.test.context.SpringBootContextLoader', parent = [null]], attributes = map['org.springframework.test.context.web.ServletTestExecutionListener.activateListener' -> true, 'org.springframework.test.context.web.ServletTestExecutionListener.populatedRequestContextHolder' -> true, 'org.springframework.test.context.web.ServletTestExecutionListener.resetRequestContextHolder' -> true]]
]]></system-out>
  <system-err><![CDATA[]]></system-err>
</testsuite>
